<?xml version="1.0" encoding="UTF-8"?>
<!-- Generated by org.testng.reporters.JUnitReportReporter -->
<testsuite hostname="Suraj" failures="0" tests="1" name="testase_360.LoginTest" time="36.937" errors="0" timestamp="24 May 2022 11:12:51 GMT">
  <testcase classname="testase_360.LoginTest" name="checkLogin" time="36.937"/>
</testsuite> <!-- testase_360.LoginTest -->
